    # Slash needless digits.
    # Needless are bodies
    #* Are beyond the measurement precision or
    # * Are not perceived by humans (instead they disturb the reception)    
    #
    
    

#       12567.89          12600         -12600
#       1256.789           1260          -1260
#      123.56789            124           -124
#         100.01            100           -100
#          100.0            100           -100
#           99.9           99.9          -99.9
#           12.0             12            -12
#             12             12            -12
#       12.56789           12.6          -12.6
#       1.256789           1.26          -1.26
#            1.5            1.5           -1.5
#              0              0              0
#      0.1256789          0.126         -0.126
#     0.01256789         0.0126        -0.0126
#    0.001256789        0.00126       -0.00126
#   0.0001256789       0.000126      -0.000126 


       12567.89         Fixnum          12600         -12600
       1256.789         Fixnum           1260          -1260
      123.56789         Fixnum            124           -124
         100.01         Fixnum            100           -100
          100.0         Fixnum            100           -100
           99.9          Float           99.9          -99.9
           12.0         Fixnum             12            -12
             12         Fixnum             12            -12
       12.56789          Float           12.6          -12.6
       1.256789          Float           1.26          -1.26
            1.5          Float            1.5           -1.5
              0         Fixnum              0              0
      0.1256789          Float          0.126         -0.126
     0.01256789          Float         0.0126        -0.0126
    0.001256789          Float        0.00126       -0.00126
   0.0001256789          Float       0.000126      -0.000126


       12567.89         Fixnum         -12600          12600
       1256.789         Fixnum          -1260           1260
      123.56789         Fixnum           -124            124
         100.01         Fixnum           -100            100
          100.0         Fixnum           -100            100
           99.9          Float          -99.9           99.9
           12.0         Fixnum            -12             12
             12         Fixnum            -12             12
       12.56789          Float          -12.6           12.6
       1.256789          Float          -1.26           1.26
            1.5          Float           -1.5            1.5
              0         Fixnum              0              0
      0.1256789          Float         -0.126          0.126
     0.01256789          Float        -0.0126         0.0126
    0.001256789          Float       -0.00126        0.00126
   0.0001256789          Float      -0.000126       0.000126


       12567.89         Fixnum          12600         -12600
       1256.789         Fixnum           1260          -1260
      123.56789         Fixnum            124           -124
         100.01         Fixnum            100           -100
          100.0         Fixnum            100           -100
           99.9          Float           99.9          -99.9
           12.0         Fixnum             12            -12
             12         Fixnum             12            -12
       12.56789          Float           12.6          -12.6
       1.256789          Float           1.26          -1.26
            1.5          Float            1.5           -1.5
              0         Fixnum              0              0
      0.1256789          Float          0.126         -0.126
     0.01256789          Float         0.0126        -0.0126
    0.001256789          Float        0.00126       -0.00126
   0.0001256789          Float       0.000126      -0.000126


       12567.89          12600         -12600         Fixnum
       1256.789           1260          -1260         Fixnum
      123.56789            124           -124         Fixnum
         100.01            100           -100         Fixnum
          100.0            100           -100         Fixnum
           99.9           99.9          -99.9          Float
           12.0             12            -12         Fixnum
             12             12            -12         Fixnum
       12.56789           12.6          -12.6          Float
       1.256789           1.26          -1.26          Float
            1.5            1.5           -1.5          Float
              0              0              0         Fixnum
      0.1256789          0.126         -0.126          Float
     0.01256789         0.0126        -0.0126          Float
    0.001256789        0.00126       -0.00126          Float
   0.0001256789       0.000126      -0.000126          Float


#       12567.89          12600         -12600         Fixnum
#       1256.789           1260          -1260         Fixnum
#      123.56789            124           -124         Fixnum
#         100.01            100           -100         Fixnum
#          100.0            100           -100         Fixnum
#           99.9           99.9          -99.9          Float
#           12.0             12            -12         Fixnum
#             12             12            -12         Fixnum
#       12.56789           12.6          -12.6          Float
#       1.256789           1.26          -1.26          Float
#            1.5            1.5           -1.5          Float
#              0              0              0         Fixnum
#      0.1256789          0.126         -0.126          Float
#     0.01256789         0.0126        -0.0126          Float
#    0.001256789        0.00126       -0.00126          Float
#   0.0001256789       0.000126      -0.000126          Float




















